<?xml version="1.0" encoding="utf-8"?><testsuites name="pytest tests"><testsuite name="pytest" errors="0" failures="0" skipped="0" tests="14" time="2.282" timestamp="2026-08-10T08:29:28.165097+00:00" hostname="agent-env-292777c6-dbfc-405a-a1c3-d232b84107f2"><testcase classname="tests.test_backend.TestEvents" name="test_create_event" time="0.122" /><testcase classname="tests.test_backend.TestEvents" name="test_get_event_case_insensitive" time="0.043" /><testcase classname="tests.test_backend.TestEvents" name="test_get_event_404" time="0.083" /><testcase classname="tests.test_backend.TestJoin" name="test_join_and_rejoin" time="0.277" /><testcase classname="tests.test_backend.TestEvents" name="test_patch_media_host_updates_urls" time="0.054" /><testcase classname="tests.test_backend.TestJoin" name="test_join_fills_and_rejects_when_full" time="0.252" /><testcase classname="tests.test_backend.TestEvents" name="test_create_event_bounds" time="0.042" /><testcase classname="tests.test_backend.TestLogs" name="test_get_logs" time="0.044" /><testcase classname="tests.test_backend.TestLogs" name="test_download_logs" time="0.146" /><testcase classname="tests.test_backend.TestJoin" name="test_join_empty_name" time="0.083" /><testcase classname="tests.test_backend.TestLogs" name="test_messages_empty" time="0.043" /><testcase classname="tests.test_backend.TestHealth" name="test_root" time="0.082" /><testcase classname="tests.test_backend.TestWebSocket" name="test_director_ws_and_chat_and_tally" time="1.200" /><testcase classname="tests.test_backend.TestWebSocket" name="test_ws_unknown_event_closes" time="0.143" /></testsuite></testsuites>